<?xml version="1.0" encoding="UTF-8"?>
<!-- Generated by org.testng.reporters.JUnitReportReporter -->
<testsuite hostname="SHREESHA" failures="0" tests="1" name="pageObjectModel.LoginTest" time="0.767" errors="0" timestamp="2025-04-09T16:06:16 IST" skipped="0">
  <testcase classname="pageObjectModel.LoginTest" name="testlogin" time="0.767"/>
</testsuite> <!-- pageObjectModel.LoginTest -->
