<?xml version="1.0" encoding="UTF-8"?>
<!-- Generated by org.testng.reporters.JUnitReportReporter -->
<testsuite hostname="SHREESHA" failures="0" tests="2" name="test_NG.AllAnnotations" time="0.022" errors="0" timestamp="2025-03-31T19:09:07 IST" skipped="0">
  <testcase classname="test_NG.AllAnnotations" name="tm1" time="0.014"/>
  <testcase classname="test_NG.AllAnnotations" name="tm2" time="0.008"/>
</testsuite> <!-- test_NG.AllAnnotations -->
