<?xml version="1.0" encoding="UTF-8"?>
<!-- Generated by org.testng.reporters.JUnitReportReporter -->
<testsuite hostname="SHREESHA" failures="0" tests="2" name="annotation_Demo.Demo1" time="0.055" errors="0" timestamp="2025-03-29T16:35:45 IST" skipped="0">
  <testcase classname="annotation_Demo.Demo1" name="search" time="0.009"/>
  <testcase classname="annotation_Demo.Demo1" name="advsearch" time="0.046"/>
</testsuite> <!-- annotation_Demo.Demo1 -->
