<?xml version="1.0" encoding="UTF-8"?>
<!-- Generated by org.testng.reporters.JUnitReportReporter -->
<testsuite hostname="SHREESHA" failures="0" tests="2" name="testGroupsByTestNG.PaymentTests" time="0.021" errors="0" timestamp="2025-04-05T18:49:51 IST" skipped="0">
  <testcase classname="testGroupsByTestNG.PaymentTests" name="paymentinrupees" time="0.004"/>
  <testcase classname="testGroupsByTestNG.PaymentTests" name="paymentindollers" time="0.017"/>
</testsuite> <!-- testGroupsByTestNG.PaymentTests -->
