<?xml version="1.0" encoding="UTF-8"?>
<!-- Generated by org.testng.reporters.JUnitReportReporter -->
<testsuite hostname="SHREESHA" failures="0" tests="4" name="test_NG.OrangeHRM" time="10.753" errors="0" timestamp="2025-03-29T15:55:32 IST" skipped="0">
  <testcase classname="test_NG.OrangeHRM" name="openapp" time="7.190"/>
  <testcase classname="test_NG.OrangeHRM" name="testlogo" time="3.066"/>
  <testcase classname="test_NG.OrangeHRM" name="login" time="0.249"/>
  <testcase classname="test_NG.OrangeHRM" name="logout" time="0.248"/>
</testsuite> <!-- test_NG.OrangeHRM -->
