<?xml version="1.0" encoding="UTF-8"?>
<!-- Generated by org.testng.reporters.JUnitReportReporter -->
<testsuite hostname="SHREESHA" failures="0" tests="1" name="test_NG.HardAssertions" time="0.017" errors="0" timestamp="2025-04-01T17:57:43 IST" skipped="0">
  <testcase classname="test_NG.HardAssertions" name="test" time="0.017"/>
</testsuite> <!-- test_NG.HardAssertions -->
