<?xml version="1.0" encoding="UTF-8"?>
<!-- Generated by org.testng.reporters.JUnitReportReporter -->
<testsuite hostname="SHREESHA" failures="0" tests="2" name="annotation_Demo.Demo2" time="0.014" errors="0" timestamp="2025-03-29T16:56:49 IST" skipped="0">
  <testcase classname="annotation_Demo.Demo2" name="search" time="0.011"/>
  <testcase classname="annotation_Demo.Demo2" name="advsearch" time="0.003"/>
</testsuite> <!-- annotation_Demo.Demo2 -->
