<?xml version="1.0" encoding="UTF-8"?>
<!-- Generated by org.testng.reporters.JUnitReportReporter -->
<testsuite hostname="SHREESHA" failures="0" tests="2" name="test_NG.pack.C1" time="0.019" errors="0" timestamp="2025-03-31T18:23:53 IST" skipped="0">
  <testcase classname="test_NG.pack.C1" name="abc" time="0.013"/>
  <testcase classname="test_NG.pack.C1" name="abc" time="0.006"/>
</testsuite> <!-- test_NG.pack.C1 -->
