<?xml version="1.0" encoding="UTF-8"?>
<!-- Generated by org.testng.reporters.JUnitReportReporter -->
<testsuite hostname="SHREESHA" failures="0" tests="3" name="test_NG.FirstTestCase" time="0.013" errors="0" timestamp="2025-03-29T15:55:32 IST" skipped="0">
  <testcase classname="test_NG.FirstTestCase" name="login" time="0.002"/>
  <testcase classname="test_NG.FirstTestCase" name="openapp" time="0.003"/>
  <testcase classname="test_NG.FirstTestCase" name="logout" time="0.008"/>
</testsuite> <!-- test_NG.FirstTestCase -->
