<?xml version="1.0" encoding="UTF-8"?>
<!-- Generated by org.testng.reporters.JUnitReportReporter -->
<testsuite hostname="SHREESHA" failures="0" tests="3" name="test_NG.LoginTests" time="0.027" errors="0" timestamp="2025-04-05T17:46:41 IST" skipped="0">
  <testcase classname="test_NG.LoginTests" name="loginByEmail" time="0.018"/>
  <testcase classname="test_NG.LoginTests" name="loginByFacebook" time="0.003"/>
  <testcase classname="test_NG.LoginTests" name="loginByTwitter" time="0.006"/>
</testsuite> <!-- test_NG.LoginTests -->
