<?xml version="1.0" encoding="UTF-8"?>
<!-- Generated by org.testng.reporters.JUnitReportReporter -->
<testsuite hostname="SHREESHA" failures="0" tests="3" name="testGroupsByTestNG.LoginTests" time="0.008" errors="0" timestamp="2025-04-05T18:44:44 IST" skipped="0">
  <testcase classname="testGroupsByTestNG.LoginTests" name="loginByEmail" time="0.002"/>
  <testcase classname="testGroupsByTestNG.LoginTests" name="loginByFacebook" time="0.004"/>
  <testcase classname="testGroupsByTestNG.LoginTests" name="loginByTwitter" time="0.002"/>
</testsuite> <!-- testGroupsByTestNG.LoginTests -->
