<?xml version="1.0" encoding="UTF-8"?>
<!-- Generated by org.testng.reporters.JUnitReportReporter -->
<testsuite hostname="SHREESHA" failures="0" tests="3" name="testGroupsByTestNG.SignUpTests" time="0.017" errors="0" timestamp="2025-04-05T18:42:29 IST" skipped="0">
  <testcase classname="testGroupsByTestNG.SignUpTests" name="signupByEmail" time="0.006"/>
  <testcase classname="testGroupsByTestNG.SignUpTests" name="signupByFacebook" time="0.006"/>
  <testcase classname="testGroupsByTestNG.SignUpTests" name="signByTwitter" time="0.005"/>
</testsuite> <!-- testGroupsByTestNG.SignUpTests -->
